<?xml version="1.0" encoding="UTF-8"?>
<!-- Generated by org.testng.reporters.JUnitReportReporter -->
<testsuite hostname="Ajeet" name="shopkeytests.SharingStoreURL" tests="1" failures="0" timestamp="20 Dec 2022 14:43:43 GMT" time="67.445" errors="0">
  <testcase name="SharingURL" time="67.445" classname="shopkeytests.SharingStoreURL"/>
</testsuite> <!-- shopkeytests.SharingStoreURL -->
