<?xml version="1.0" encoding="UTF-8"?>
<!-- Generated by org.testng.reporters.JUnitReportReporter -->
<testsuite hostname="Ajeet" name="shopkeytests.LoginTest" tests="1" failures="0" timestamp="26 Dec 2022 07:02:07 GMT" time="78.351" errors="0">
  <testcase name="testLoginTest" time="78.351" classname="shopkeytests.LoginTest"/>
</testsuite> <!-- shopkeytests.LoginTest -->
